<?xml version="1.0" encoding="UTF-8"?>
<!-- Generated by org.testng.reporters.JUnitReportReporter -->
<testsuite hostname="PC-201701011205" name="com.keeley.LessonFive.mvnTestNg" tests="1" failures="0" timestamp="3 Jun 2018 03:12:06 GMT" time="0.015" errors="0">
  <testcase name="testHello" time="0.015" classname="com.keeley.LessonFive.mvnTestNg"/>
</testsuite> <!-- com.keeley.LessonFive.mvnTestNg -->
